TN:
SF:src\components\ProductList.tsx
FN:13,(anonymous_0)
FN:16,(anonymous_1)
FN:18,(anonymous_2)
FN:25,(anonymous_3)
FN:35,(anonymous_4)
FN:36,(anonymous_5)
FN:38,(anonymous_6)
FN:51,(anonymous_7)
FNF:8
FNH:8
FNDA:4,(anonymous_0)
FNDA:1,(anonymous_1)
FNDA:1,(anonymous_2)
FNDA:1,(anonymous_3)
FNDA:2,(anonymous_4)
FNDA:2,(anonymous_5)
FNDA:2,(anonymous_6)
FNDA:2,(anonymous_7)
DA:1,1
DA:2,1
DA:3,1
DA:13,1
DA:14,4
DA:16,4
DA:17,1
DA:18,1
DA:22,1
DA:25,4
DA:26,1
DA:32,1
DA:35,4
DA:36,2
DA:37,2
DA:38,2
DA:42,2
DA:44,2
DA:47,4
DA:52,2
DA:61,1
LF:21
LH:21
BRF:0
BRH:0
end_of_record
TN:
SF:src\components\ShoppingCart.tsx
FN:7,(anonymous_0)
FN:10,(anonymous_1)
FN:12,(anonymous_2)
FN:13,(anonymous_3)
FN:15,(anonymous_4)
FN:19,(anonymous_5)
FN:23,(anonymous_6)
FN:44,(anonymous_7)
FN:55,(anonymous_8)
FN:60,(anonymous_9)
FN:65,(anonymous_10)
FNF:11
FNH:7
FNDA:2,(anonymous_0)
FNDA:4,(anonymous_1)
FNDA:1,(anonymous_2)
FNDA:1,(anonymous_3)
FNDA:1,(anonymous_4)
FNDA:0,(anonymous_5)
FNDA:0,(anonymous_6)
FNDA:0,(anonymous_7)
FNDA:1,(anonymous_8)
FNDA:1,(anonymous_9)
FNDA:0,(anonymous_10)
DA:1,1
DA:3,1
DA:4,1
DA:5,1
DA:7,1
DA:9,2
DA:10,4
DA:12,2
DA:13,2
DA:15,2
DA:16,1
DA:19,2
DA:20,0
DA:23,2
DA:24,0
DA:25,0
DA:26,0
DA:27,0
DA:28,0
DA:30,0
DA:36,0
DA:37,0
DA:38,0
DA:40,0
DA:44,2
DA:45,0
DA:48,2
DA:56,1
DA:60,1
DA:65,0
DA:82,1
LF:31
LH:18
BRDA:26,0,0,0
BRDA:26,0,1,0
BRDA:51,1,0,1
BRDA:51,1,1,1
BRF:4
BRH:2
end_of_record
TN:
SF:src\features\cart\cartSlice.ts
FN:26,(anonymous_0)
FN:27,(anonymous_1)
FN:34,(anonymous_2)
FN:35,(anonymous_3)
FN:37,(anonymous_4)
FN:41,(anonymous_5)
FN:42,(anonymous_6)
FNF:7
FNH:0
FNDA:0,(anonymous_0)
FNDA:0,(anonymous_1)
FNDA:0,(anonymous_2)
FNDA:0,(anonymous_3)
FNDA:0,(anonymous_4)
FNDA:0,(anonymous_5)
FNDA:0,(anonymous_6)
DA:2,1
DA:17,1
DA:21,1
DA:27,0
DA:28,0
DA:29,0
DA:31,0
DA:35,0
DA:38,0
DA:42,0
DA:43,0
DA:44,0
DA:50,1
DA:51,1
LF:14
LH:5
BRDA:28,0,0,0
BRDA:28,0,1,0
BRDA:43,1,0,0
BRDA:43,1,1,0
BRF:4
BRH:0
end_of_record
